
> DailMatchApp@0.0.1 lint
> eslint .


C:\Users\yashg\MobileApp\DailMatchApp\src\components\OfflineNotice.tsx
   2:10  error  'View' is defined but never used                                                                                      @typescript-eslint/no-unused-vars
   9:25  error  'setIsConnected' is assigned a value but never used. Allowed unused elements of array destructuring must match /^_/u  @typescript-eslint/no-unused-vars
  35:8   error  React Hook useEffect has a missing dependency: 'slideAnim'. Either include it or remove the dependency array          react-hooks/exhaustive-deps

C:\Users\yashg\MobileApp\DailMatchApp\src\components\Skeleton.tsx
  29:8   error    React Hook React.useEffect has a missing dependency: 'animatedValue'. Either include it or remove the dependency array  react-hooks/exhaustive-deps
  56:54  warning  Inline style: { marginBottom: 8 }                                                                                       react-native/no-inline-styles
  57:54  warning  Inline style: { marginBottom: 20 }                                                                                      react-native/no-inline-styles
  58:74  warning  Inline style: { marginBottom: 20 }                                                                                      react-native/no-inline-styles
  59:73  warning  Inline style: { marginBottom: 15 }                                                                                      react-native/no-inline-styles
  60:54  warning  Inline style: { marginBottom: 10 }                                                                                      react-native/no-inline-styles
  73:62  warning  Inline style: { marginBottom: 8 }                                                                                       react-native/no-inline-styles
  91:28  warning  Inline style: { marginHorizontal: 8 }                                                                                   react-native/no-inline-styles

C:\Users\yashg\MobileApp\DailMatchApp\src\screens\ChatScreen.tsx
   32:22  error  'setIsOnline' is assigned a value but never used. Allowed unused elements of array destructuring must match /^_/u  @typescript-eslint/no-unused-vars
  105:8   error  React Hook useEffect has a missing dependency: 'match.userId'. Either include it or remove the dependency array    react-hooks/exhaustive-deps

C:\Users\yashg\MobileApp\DailMatchApp\src\screens\EditProfileScreen.tsx
   34:8   error    React Hook useEffect has a missing dependency: 'loadProfile'. Either include it or remove the dependency array  react-hooks/exhaustive-deps
  237:30  warning  Inline style: { height: 50 }                                                                                    react-native/no-inline-styles

C:\Users\yashg\MobileApp\DailMatchApp\src\screens\FiltersScreen.tsx
   87:23  warning  Do not define components during render. React will see a new component type on every render and destroy the entire subtree’s DOM nodes and state (https://reactjs.org/docs/reconciliation.html#elements-of-different-types). Instead, move this component definition out of the parent component “FiltersScreen” and pass data as props  react/no-unstable-nested-components
  259:30  warning  Inline style: { height: 100 }                                                                                                                                                                                                                                                                                                            react-native/no-inline-styles

C:\Users\yashg\MobileApp\DailMatchApp\src\screens\HomeScreen.tsx
   14:5   error    'Modal' is defined but never used                                                                                          @typescript-eslint/no-unused-vars
   15:5   error    'TextInput' is defined but never used                                                                                      @typescript-eslint/no-unused-vars
   16:5   error    'KeyboardAvoidingView' is defined but never used                                                                           @typescript-eslint/no-unused-vars
   17:5   error    'Platform' is defined but never used                                                                                       @typescript-eslint/no-unused-vars
   22:9   error    'width' is assigned a value but never used                                                                                 @typescript-eslint/no-unused-vars
   52:12  error    'commentModalVisible' is assigned a value but never used. Allowed unused elements of array destructuring must match /^_/u  @typescript-eslint/no-unused-vars
   56:11  error    'handleComment' is assigned a value but never used                                                                         @typescript-eslint/no-unused-vars
   61:11  error    'sendComment' is assigned a value but never used                                                                           @typescript-eslint/no-unused-vars
  135:8   error    React Hook useEffect has a missing dependency: 'loadProfiles'. Either include it or remove the dependency array            react-hooks/exhaustive-deps
  191:31  error    'profileId' is defined but never used. Allowed unused args must match /^_/u                                                @typescript-eslint/no-unused-vars
  197:36  error    'profileId' is defined but never used. Allowed unused args must match /^_/u                                                @typescript-eslint/no-unused-vars
  223:31  error    'profileId' is defined but never used. Allowed unused args must match /^_/u                                                @typescript-eslint/no-unused-vars
  329:51  warning  Inline style: { flexDirection: 'row', gap: 20, alignItems: 'center' }                                                      react-native/no-inline-styles
  353:38  warning  Inline style: { flexDirection: 'row', alignItems: 'center', flex: 1 }                                                      react-native/no-inline-styles
  360:38  warning  Inline style: { flexDirection: 'row', gap: 15 }                                                                            react-native/no-inline-styles
  463:34  warning  Inline style: { height: 120 }                                                                                              react-native/no-inline-styles
  518:36  warning  Inline style: { width: 40, height: 40, resizeMode: 'contain' }                                                             react-native/no-inline-styles

C:\Users\yashg\MobileApp\DailMatchApp\src\screens\MatchesScreen.tsx
  31:12  error  'loading' is assigned a value but never used. Allowed unused elements of array destructuring must match /^_/u  @typescript-eslint/no-unused-vars

C:\Users\yashg\MobileApp\DailMatchApp\src\screens\OnboardingScreen.tsx
   47:29  error    'setSelectedPrompt1' is assigned a value but never used. Allowed unused elements of array destructuring must match /^_/u  @typescript-eslint/no-unused-vars
   49:29  error    'setSelectedPrompt2' is assigned a value but never used. Allowed unused elements of array destructuring must match /^_/u  @typescript-eslint/no-unused-vars
  327:26  warning  Inline style: { height: 100 }                                                                                             react-native/no-inline-styles
  340:34  warning  Inline style: { width: 28 }                                                                                               react-native/no-inline-styles

C:\Users\yashg\MobileApp\DailMatchApp\src\screens\ProfileScreen.tsx
   90:65  warning  Inline style: { backgroundColor: '#FFF0F3' }  react-native/no-inline-styles
   97:65  warning  Inline style: { backgroundColor: '#FFF8E0' }  react-native/no-inline-styles
  104:65  warning  Inline style: { backgroundColor: '#E8F5E9' }  react-native/no-inline-styles

C:\Users\yashg\MobileApp\DailMatchApp\src\screens\ReportScreen.tsx
   79:30  warning  Inline style: { width: 28 }    react-native/no-inline-styles
  163:30  warning  Inline style: { height: 100 }  react-native/no-inline-styles

C:\Users\yashg\MobileApp\DailMatchApp\src\screens\SettingsScreen.tsx
  129:30  warning  Inline style: { width: 28 }  react-native/no-inline-styles

C:\Users\yashg\MobileApp\DailMatchApp\src\screens\SignupScreen.tsx
  29:13  warning  Missing radix parameter  radix

C:\Users\yashg\MobileApp\DailMatchApp\src\services\api.ts
   92:18  error  'error' is defined but never used  @typescript-eslint/no-unused-vars
  123:18  error  'error' is defined but never used  @typescript-eslint/no-unused-vars
  175:18  error  'error' is defined but never used  @typescript-eslint/no-unused-vars
  187:18  error  'error' is defined but never used  @typescript-eslint/no-unused-vars

✖ 50 problems (26 errors, 24 warnings)

